C51 COMPILER V9.60.7.0   INTERFACING_BLUETOOTH_MODULE                                      05/11/2024 01:02:42 PAGE 1   


C51 COMPILER V9.60.7.0, COMPILATION OF MODULE INTERFACING_BLUETOOTH_MODULE
OBJECT MODULE PLACED IN .\Objects\Interfacing Bluetooth Module.obj
COMPILER INVOKED BY: C:\Keil_v5\C51\BIN\C51.EXE Interfacing Bluetooth Module.C OPTIMIZE(8,SPEED) BROWSE DEBUG OBJECTEXTE
                    -ND PRINT(.\Listings\Interfacing Bluetooth Module.lst) TABS(2) OBJECT(.\Objects\Interfacing Bluetooth Module.obj)

line level    source

   1          #include<reg51.h>
   2          
   3          
   4          sbit Fan=P2^0;
   5          
   6          sbit Light=P2^1;
   7          
   8          sbit buzzer = P2^4;
   9          
  10          sbit Gas_sensor = P3^2;
  11          
  12          
  13           char str;
  14          
  15           char Charin=0;
  16          
  17          
  18          void delay(int time)
  19          
  20          {
  21   1      
  22   1       unsigned int i,j;
  23   1      
  24   1       for(i=0;i<time;i++)
  25   1      
  26   1       for(j=0;j<1275;j++);
  27   1      
  28   1      }
  29          
  30          
  31          void Serialwrite(char byte)
  32          
  33          {
  34   1      
  35   1        SBUF=byte;
  36   1      
  37   1        while(!TI);
  38   1      
  39   1        TI=0;
  40   1      
  41   1      }
  42          
  43          
  44          void Serialprintln(char *p)
  45          
  46          {
  47   1      
  48   1        while(*p)
  49   1      
  50   1        {
  51   2      
  52   2          Serialwrite(*p);
  53   2      
  54   2          p++;
C51 COMPILER V9.60.7.0   INTERFACING_BLUETOOTH_MODULE                                      05/11/2024 01:02:42 PAGE 2   

  55   2      
  56   2        }
  57   1      
  58   1        Serialwrite(0x0d);
  59   1      
  60   1      }
  61          
  62          
  63          void Serialbegin()
  64          
  65          {
  66   1      
  67   1         TMOD=0x20;
  68   1      
  69   1         SCON=0x50;
  70   1      
  71   1         TH1=0xfd;
  72   1      
  73   1         TR1=1;
  74   1      
  75   1      }
  76          
  77          
  78          void main()
  79          
  80          {
  81   1        buzzer = 0;
  82   1        Gas_sensor = 1;
  83   1      
  84   1        P2=0x00;
  85   1      
  86   1        Serialbegin();
  87   1      
  88   1        Serialprintln("System Ready...");
  89   1      
  90   1        delay(50);
  91   1      
  92   1        while(1)
  93   1      
  94   1        {
  95   2      
  96   2          while(!RI);
  97   2      
  98   2          Charin=SBUF;
  99   2      
 100   2          str=Charin;
 101   2      
 102   2          RI=0;
 103   2      
 104   2            if(str=='1')
 105   2      
 106   2            {
 107   3      
 108   3              Fan=1;
 109   3      
 110   3              Serialprintln(" Fan ON");
 111   3      
 112   3              delay(50);
 113   3      
 114   3            }
 115   2      
 116   2            else if(str=='2')
C51 COMPILER V9.60.7.0   INTERFACING_BLUETOOTH_MODULE                                      05/11/2024 01:02:42 PAGE 3   

 117   2      
 118   2            {
 119   3      
 120   3              Fan=0;
 121   3      
 122   3              Serialprintln(" Fan OFF");
 123   3      
 124   3              delay(50);
 125   3      
 126   3            }
 127   2      
 128   2      
 129   2             else if(str=='3')
 130   2      
 131   2            {
 132   3      
 133   3              Light=1;
 134   3      
 135   3              Serialprintln(" Light ON");
 136   3      
 137   3              delay(50);
 138   3      
 139   3            }
 140   2      
 141   2      
 142   2             else if(str=='4')
 143   2      
 144   2            {
 145   3      
 146   3              Light=0;
 147   3      
 148   3              Serialprintln(" Light OFF");
 149   3      
 150   3              delay(50);
 151   3      
 152   3            }
 153   2            
 154   2            if ( Gas_sensor == 0 )
 155   2            {
 156   3              buzzer = 1;
 157   3              delay(1000);
 158   3            }
 159   2      
 160   2      
 161   2      
 162   2            str=0;
 163   2      
 164   2        }
 165   1      
 166   1      }


MODULE INFORMATION:   STATIC OVERLAYABLE
   CODE SIZE        =    190    ----
   CONSTANT SIZE    =     54    ----
   XDATA SIZE       =   ----    ----
   PDATA SIZE       =   ----    ----
   DATA SIZE        =      2    ----
   IDATA SIZE       =   ----    ----
   BIT SIZE         =   ----    ----
END OF MODULE INFORMATION.


C51 COMPILATION COMPLETE.  0 WARNING(S),  0 ERROR(S)
